Using pre-set license
Built from '2020.3/staging' branch; Version is '2020.3.6f1 (338bb68529b2) revision 3378102'; Using compiler version '192528614'; Build Type 'Release'
OS: 'Windows 10 Pro; OS build 19044.1526; Version 2009; 64bit' Language: 'en' Physical Memory: 16204 MB
BatchMode: 1, IsHumanControllingUs: 0, StartBugReporterOnCrash: 0, Is64bit: 1, IsPro: 0

 COMMAND LINE ARGUMENTS:
C:\Program Files\Unity\Hub\Editor\2020.3.6f1\Editor\Unity.exe
-adb2
-batchMode
-noUpm
-name
AssetImportWorker0
-projectPath
D:/School/BallRunner
-logFile
Logs/AssetImportWorker0.log
-srvPort
57729
Successfully changed project path to: D:/School/BallRunner
D:/School/BallRunner
Using Asset Import Pipeline V2.
Refreshing native plugins compatible for Editor in 20.17 ms, found 0 plugins.
Preloading 0 native plugins for Editor in 0.00 ms.
Initialize engine version: 2020.3.6f1 (338bb68529b2)
[Subsystems] Discovering subsystems at path C:/Program Files/Unity/Hub/Editor/2020.3.6f1/Editor/Data/Resources/UnitySubsystems
[Subsystems] Discovering subsystems at path D:/School/BallRunner/Assets
GfxDevice: creating device client; threaded=0
Direct3D:
    Version:  Direct3D 11.0 [level 11.1]
    Renderer: NVIDIA GeForce RTX 2080 Super (ID=0x1e93)
    Vendor:   
    VRAM:     8010 MB
    Driver:   27.21.14.6611
Initialize mono
Mono path[0] = 'C:/Program Files/Unity/Hub/Editor/2020.3.6f1/Editor/Data/Managed'
Mono path[1] = 'C:/Program Files/Unity/Hub/Editor/2020.3.6f1/Editor/Data/MonoBleedingEdge/lib/mono/unityjit'
Mono config path = 'C:/Program Files/Unity/Hub/Editor/2020.3.6f1/Editor/Data/MonoBleedingEdge/etc'
Using monoOptions --debugger-agent=transport=dt_socket,embedding=1,server=y,suspend=n,address=127.0.0.1:56764
Begin MonoManager ReloadAssembly
Registering precompiled unity dll's ...
Register platform support module: C:/Program Files/Unity/Hub/Editor/2020.3.6f1/Editor/Data/PlaybackEngines/WindowsStandaloneSupport/UnityEditor.WindowsStandalone.Extensions.dll
Registered in 0.001627 seconds.
Native extension for WindowsStandalone target not found
Refreshing native plugins compatible for Editor in 21.42 ms, found 0 plugins.
Preloading 0 native plugins for Editor in 0.00 ms.
Mono: successfully reloaded assembly
- Completed reload, in  1.015 seconds
Platform modules already initialized, skipping
Registering precompiled user dll's ...
Registered in 0.000487 seconds.
Begin MonoManager ReloadAssembly
Native extension for WindowsStandalone target not found
Refreshing native plugins compatible for Editor in 0.42 ms, found 0 plugins.
Preloading 0 native plugins for Editor in 0.00 ms.
Mono: successfully reloaded assembly
- Completed reload, in  0.838 seconds
Platform modules already initialized, skipping
========================================================================
Worker process is ready to serve import requests
Launched and connected shader compiler UnityShaderCompiler.exe after 0.03 seconds
Refreshing native plugins compatible for Editor in 0.41 ms, found 0 plugins.
Preloading 0 native plugins for Editor in 0.00 ms.
Unloading 1116 Unused Serialized files (Serialized files now loaded: 0)
System memory in use before: 57.2 MB.
System memory in use after: 57.2 MB.

Unloading 10 unused Assets to reduce memory usage. Loaded Objects now: 1558.
Total: 2.194100 ms (FindLiveObjects: 0.153600 ms CreateObjectMapping: 0.045900 ms MarkObjects: 1.909500 ms  DeleteObjects: 0.083400 ms)

========================================================================
Received Import Request.
  path: Assets/Scripts/PlayerMovement.cs
  artifactKey: Guid(89d8f3b4057882f42a8e827b80c0b8f8) Importer(815301076,1909f56bfc062723c751e8b465ee728b)
Start importing Assets/Scripts/PlayerMovement.cs using Guid(89d8f3b4057882f42a8e827b80c0b8f8) Importer(815301076,1909f56bfc062723c751e8b465ee728b)  -> (artifact id: 'd7669989bc71e69d3b8556a957391e7c') in 0.031170 seconds
  Import took 0.033166 seconds .

========================================================================
Received Import Request.
  Time since last request: 24.662711 seconds.
  path: Assets/Scripts/PlayerMovement.cs
  artifactKey: Guid(89d8f3b4057882f42a8e827b80c0b8f8) Importer(815301076,1909f56bfc062723c751e8b465ee728b)
Start importing Assets/Scripts/PlayerMovement.cs using Guid(89d8f3b4057882f42a8e827b80c0b8f8) Importer(815301076,1909f56bfc062723c751e8b465ee728b)  -> (artifact id: '9f4770323b979ca0c3b732066617f031') in 0.002845 seconds
  Import took 0.004947 seconds .

========================================================================
Received Import Request.
  Time since last request: 3.951562 seconds.
  path: Assets/Scripts/PlayerMovement.cs
  artifactKey: Guid(89d8f3b4057882f42a8e827b80c0b8f8) Importer(815301076,1909f56bfc062723c751e8b465ee728b)
Start importing Assets/Scripts/PlayerMovement.cs using Guid(89d8f3b4057882f42a8e827b80c0b8f8) Importer(815301076,1909f56bfc062723c751e8b465ee728b)  -> (artifact id: 'c436bf910673bc388e19bfdbd42cd117') in 0.002986 seconds
  Import took 0.004739 seconds .

========================================================================
Received Import Request.
  Time since last request: 46.230736 seconds.
  path: Assets/Scripts/PlayerMovement.cs
  artifactKey: Guid(89d8f3b4057882f42a8e827b80c0b8f8) Importer(815301076,1909f56bfc062723c751e8b465ee728b)
Start importing Assets/Scripts/PlayerMovement.cs using Guid(89d8f3b4057882f42a8e827b80c0b8f8) Importer(815301076,1909f56bfc062723c751e8b465ee728b)  -> (artifact id: 'd5046c6f9ae2bc9d04bdb51d2be8df90') in 0.003427 seconds
  Import took 0.005267 seconds .

========================================================================
Received Import Request.
  Time since last request: 6.947735 seconds.
  path: Assets/Scripts/PlayerMovement.cs
  artifactKey: Guid(89d8f3b4057882f42a8e827b80c0b8f8) Importer(815301076,1909f56bfc062723c751e8b465ee728b)
Start importing Assets/Scripts/PlayerMovement.cs using Guid(89d8f3b4057882f42a8e827b80c0b8f8) Importer(815301076,1909f56bfc062723c751e8b465ee728b)  -> (artifact id: '000008c928e5e3332d404a7c0ce37254') in 0.003478 seconds
  Import took 0.005352 seconds .

========================================================================
Received Import Request.
  Time since last request: 8.192215 seconds.
  path: Assets/Scripts/PlayerMovement.cs
  artifactKey: Guid(89d8f3b4057882f42a8e827b80c0b8f8) Importer(815301076,1909f56bfc062723c751e8b465ee728b)
Start importing Assets/Scripts/PlayerMovement.cs using Guid(89d8f3b4057882f42a8e827b80c0b8f8) Importer(815301076,1909f56bfc062723c751e8b465ee728b)  -> (artifact id: '4157274bc8a90eda3266c668d1b80591') in 0.003018 seconds
  Import took 0.005499 seconds .

========================================================================
Received Import Request.
  Time since last request: 8.503084 seconds.
  path: Assets/Scripts/PlayerMovement.cs
  artifactKey: Guid(89d8f3b4057882f42a8e827b80c0b8f8) Importer(815301076,1909f56bfc062723c751e8b465ee728b)
Start importing Assets/Scripts/PlayerMovement.cs using Guid(89d8f3b4057882f42a8e827b80c0b8f8) Importer(815301076,1909f56bfc062723c751e8b465ee728b)  -> (artifact id: '83f54b4892d22600d59167a592c62bc1') in 0.002820 seconds
  Import took 0.005018 seconds .

========================================================================
Received Import Request.
  Time since last request: 3.781360 seconds.
  path: Assets/Scripts/PlayerMovement.cs
  artifactKey: Guid(89d8f3b4057882f42a8e827b80c0b8f8) Importer(815301076,1909f56bfc062723c751e8b465ee728b)
Start importing Assets/Scripts/PlayerMovement.cs using Guid(89d8f3b4057882f42a8e827b80c0b8f8) Importer(815301076,1909f56bfc062723c751e8b465ee728b)  -> (artifact id: '90b8b3172eed8830d9a37c0bec1fd514') in 0.003552 seconds
  Import took 0.005229 seconds .

========================================================================
Received Import Request.
  Time since last request: 6.999317 seconds.
  path: Assets/Scripts/PlayerMovement.cs
  artifactKey: Guid(89d8f3b4057882f42a8e827b80c0b8f8) Importer(815301076,1909f56bfc062723c751e8b465ee728b)
Start importing Assets/Scripts/PlayerMovement.cs using Guid(89d8f3b4057882f42a8e827b80c0b8f8) Importer(815301076,1909f56bfc062723c751e8b465ee728b)  -> (artifact id: '08cc11459017c28bd74dff32d70302a4') in 0.003105 seconds
  Import took 0.004979 seconds .

========================================================================
Received Import Request.
  Time since last request: 140.696501 seconds.
  path: Assets/Scripts/PlayerMovement.cs
  artifactKey: Guid(89d8f3b4057882f42a8e827b80c0b8f8) Importer(815301076,1909f56bfc062723c751e8b465ee728b)
Start importing Assets/Scripts/PlayerMovement.cs using Guid(89d8f3b4057882f42a8e827b80c0b8f8) Importer(815301076,1909f56bfc062723c751e8b465ee728b)  -> (artifact id: '87ba8b619a5b1551af0cbffe842679f7') in 0.001847 seconds
  Import took 0.003706 seconds .

========================================================================
Received Prepare
Registering precompiled user dll's ...
Registered in 0.000323 seconds.
Begin MonoManager ReloadAssembly
Native extension for WindowsStandalone target not found
Refreshing native plugins compatible for Editor in 0.20 ms, found 0 plugins.
Preloading 0 native plugins for Editor in 0.00 ms.
Mono: successfully reloaded assembly
- Completed reload, in  0.646 seconds
Platform modules already initialized, skipping
Refreshing native plugins compatible for Editor in 0.16 ms, found 0 plugins.
Preloading 0 native plugins for Editor in 0.00 ms.
Unloading 1111 Unused Serialized files (Serialized files now loaded: 0)
System memory in use before: 57.1 MB.
System memory in use after: 57.2 MB.

Unloading 5 unused Assets to reduce memory usage. Loaded Objects now: 1561.
Total: 1.560400 ms (FindLiveObjects: 0.236900 ms CreateObjectMapping: 0.026700 ms MarkObjects: 1.190100 ms  DeleteObjects: 0.084200 ms)

AssetImportWorkerClient::OnTransportError - code=2 error=End of file
